<?xml version="1.0" encoding="UTF-8"?>
<!-- Generated by org.testng.reporters.JUnitReportReporter -->
<testsuite hostname="LAPTOP-NQ5FVMSU" failures="0" tests="7" name="sdfc.Userdropdown5to9" time="5.648" errors="0" timestamp="21 Aug 2022 02:04:54 GMT" skipped="5">
  <testcase classname="sdfc.Userdropdown5to9" name="Login" time="5.055"/>
  <testcase classname="sdfc.Userdropdown5to9" name="TC05" time="0.593"/>
  <testcase classname="sdfc.Userdropdown5to9" name="TC08new">
    <skipped/>
  </testcase> <!-- TC08new -->
  <testcase classname="sdfc.Userdropdown5to9" name="TC07">
    <skipped/>
  </testcase> <!-- TC07 -->
  <testcase classname="sdfc.Userdropdown5to9" name="TC08">
    <skipped/>
  </testcase> <!-- TC08 -->
  <testcase classname="sdfc.Userdropdown5to9" name="TC06">
    <skipped/>
  </testcase> <!-- TC06 -->
  <testcase classname="sdfc.Userdropdown5to9" name="TC09">
    <skipped/>
  </testcase> <!-- TC09 -->
</testsuite> <!-- sdfc.Userdropdown5to9 -->
