<?xml version="1.0" encoding="UTF-8"?>
<!-- Generated by org.testng.reporters.JUnitReportReporter -->
<testsuite hostname="LAPTOP-NQ5FVMSU" failures="0" tests="5" name="sdfc.Tests.LoginTest" time="2.787" errors="0" timestamp="21 Aug 2022 02:48:35 GMT" skipped="4">
  <testcase classname="sdfc.Tests.LoginTest" name="loginErrorMessage_TC01" time="2.787"/>
  <testcase classname="sdfc.Tests.LoginTest" name="loginToSFDC_TC02">
    <skipped/>
  </testcase> <!-- loginToSFDC_TC02 -->
  <testcase classname="sdfc.Tests.LoginTest" name="forgotPassword_TC04A">
    <skipped/>
  </testcase> <!-- forgotPassword_TC04A -->
  <testcase classname="sdfc.Tests.LoginTest" name="checkRememberMe_TC03">
    <skipped/>
  </testcase> <!-- checkRememberMe_TC03 -->
  <testcase classname="sdfc.Tests.LoginTest" name="forgotPassword_TC04B">
    <skipped/>
  </testcase> <!-- forgotPassword_TC04B -->
</testsuite> <!-- sdfc.Tests.LoginTest -->
