<?xml version="1.0" encoding="UTF-8"?>
<!-- Generated by org.testng.reporters.JUnitReportReporter -->
<testsuite hostname="LAPTOP-NQ5FVMSU" failures="0" tests="2" name="sdfc.Tests.AccountTest" time="42.414" errors="0" timestamp="22 Aug 2022 21:35:11 GMT" skipped="1">
  <testcase classname="sdfc.Tests.AccountTest" name="CreateNewView_TC11" time="42.414"/>
  <testcase classname="sdfc.Tests.AccountTest" name="CreateAnAccount_TC10">
    <skipped/>
  </testcase> <!-- CreateAnAccount_TC10 -->
</testsuite> <!-- sdfc.Tests.AccountTest -->
