<?xml version="1.0" encoding="UTF-8"?>
<!-- Generated by org.testng.reporters.JUnitReportReporter -->
<testsuite hostname="LAPTOP-NQ5FVMSU" failures="0" tests="5" name="sdfc.Tests.UserMenuTest" time="50.904" errors="0" timestamp="22 Aug 2022 04:34:27 GMT" skipped="0">
  <testcase classname="sdfc.Tests.UserMenuTest" name="Selectusermenu_TC05" time="7.414"/>
  <testcase classname="sdfc.Tests.UserMenuTest" name="editProfile_TC06" time="14.707"/>
  <testcase classname="sdfc.Tests.UserMenuTest" name="mySettings_TC07" time="13.300"/>
  <testcase classname="sdfc.Tests.UserMenuTest" name="selectDevConsole_tc08" time="7.990"/>
  <testcase classname="sdfc.Tests.UserMenuTest" name="logoutOptionSelected_TC09" time="7.493"/>
</testsuite> <!-- sdfc.Tests.UserMenuTest -->
