<?xml version="1.0" encoding="UTF-8"?>
<!-- Generated by org.testng.reporters.JUnitReportReporter -->
<testsuite hostname="LAPTOP-NQ5FVMSU" failures="0" tests="3" name="sdfc.TestReuse" time="5.616" errors="0" timestamp="2022-08-11T13:26:32 PDT" skipped="2">
  <testcase classname="sdfc.TestReuse" name="TC02" time="5.616"/>
  <system-out/>
  <testcase classname="sdfc.TestReuse" name="TC01">
    <skipped/>
  </testcase> <!-- TC01 -->
  <system-out/>
  <testcase classname="sdfc.TestReuse" name="TC03">
    <skipped/>
  </testcase> <!-- TC03 -->
  <system-out/>
</testsuite> <!-- sdfc.TestReuse -->
