<?xml version="1.0" encoding="UTF-8"?>
<!-- Generated by org.testng.reporters.JUnitReportReporter -->
<testsuite hostname="LAPTOP-NQ5FVMSU" failures="0" tests="3" name="sdfc.Tests.LeadTest" time="45.069" errors="0" timestamp="08 Sep 2022 02:21:27 GMT" skipped="2">
  <testcase classname="sdfc.Tests.LeadTest" name="leadfunctionalityOfGoButton_TC22" time="45.069"/>
  <testcase classname="sdfc.Tests.LeadTest" name="checkLeadTabLink_TC20">
    <skipped/>
  </testcase> <!-- checkLeadTabLink_TC20 -->
  <testcase classname="sdfc.Tests.LeadTest" name="leadSelectView_TC21">
    <skipped/>
  </testcase> <!-- leadSelectView_TC21 -->
</testsuite> <!-- sdfc.Tests.LeadTest -->
