<?xml version="1.0" encoding="UTF-8"?>
<!-- Generated by org.testng.reporters.JUnitReportReporter -->
<testsuite hostname="LAPTOP-NQ5FVMSU" failures="0" tests="5" name="sdfc.TC1to4UsingUtilities" time="11.212" errors="0" timestamp="2022-08-09T17:15:16 PDT" skipped="4">
  <testcase classname="sdfc.TC1to4UsingUtilities" name="TC02" time="11.212"/>
  <system-out/>
  <testcase classname="sdfc.TC1to4UsingUtilities" name="TC3">
    <skipped/>
  </testcase> <!-- TC3 -->
  <system-out/>
  <testcase classname="sdfc.TC1to4UsingUtilities" name="TC01">
    <skipped/>
  </testcase> <!-- TC01 -->
  <system-out/>
  <testcase classname="sdfc.TC1to4UsingUtilities" name="TC4B">
    <skipped/>
  </testcase> <!-- TC4B -->
  <system-out/>
  <testcase classname="sdfc.TC1to4UsingUtilities" name="TC4A">
    <skipped/>
  </testcase> <!-- TC4A -->
  <system-out/>
</testsuite> <!-- sdfc.TC1to4UsingUtilities -->
