<?xml version="1.0" encoding="UTF-8"?>
<!-- Generated by org.testng.reporters.JUnitReportReporter -->
<testsuite hostname="LAPTOP-NQ5FVMSU" failures="0" tests="5" name="sdfc.Testngdemo" time="9.415" errors="0" timestamp="2022-08-10T23:22:37 PDT" skipped="4">
  <testcase classname="sdfc.Testngdemo" name="TC02" time="9.415"/>
  <system-out/>
  <testcase classname="sdfc.Testngdemo" name="TC4A">
    <skipped/>
  </testcase> <!-- TC4A -->
  <system-out/>
  <testcase classname="sdfc.Testngdemo" name="TC4B">
    <skipped/>
  </testcase> <!-- TC4B -->
  <system-out/>
  <testcase classname="sdfc.Testngdemo" name="TC3">
    <skipped/>
  </testcase> <!-- TC3 -->
  <system-out/>
  <testcase classname="sdfc.Testngdemo" name="TC01">
    <skipped/>
  </testcase> <!-- TC01 -->
  <system-out/>
</testsuite> <!-- sdfc.Testngdemo -->
